Arguments: 
  C:\Program Files\nodejs\node.exe C:\Users\INTEL\AppData\Roaming\npm\node_modules\yarn\bin\yarn.js install

PATH: 
  C:\Program Files (x86)\NVIDIA Corporation\PhysX\Common;C:\WINDOWS\system32;C:\WINDOWS;C:\WINDOWS\System32\Wbem;C:\WINDOWS\System32\WindowsPowerShell\v1.0\;C:\WINDOWS\System32\OpenSSH\;C:\Program Files (x86)\Intel\Intel(R) Management Engine Components\DAL;C:\Program Files\Intel\Intel(R) Management Engine Components\DAL;C:\Program Files\Git\cmd;C:\Program Files\nodejs\;C:\Users\INTEL\AppData\Local\Microsoft\WindowsApps;C:\Users\INTEL\AppData\Local\Programs\Microsoft VS Code\bin;C:\Program Files\heroku\bin;C:\Users\INTEL\AppData\Roaming\npm

Yarn version: 
  1.22.15

Node version: 
  16.10.0

Platform: 
  win32 x64

Trace: 
  SyntaxError: C:\Users\INTEL\Desktop\final-project\package.json: Unexpected token < in JSON at position 478
      at JSON.parse (<anonymous>)
      at C:\Users\INTEL\AppData\Roaming\npm\node_modules\yarn\lib\cli.js:1625:59
      at Generator.next (<anonymous>)
      at step (C:\Users\INTEL\AppData\Roaming\npm\node_modules\yarn\lib\cli.js:310:30)
      at C:\Users\INTEL\AppData\Roaming\npm\node_modules\yarn\lib\cli.js:321:13

npm manifest: 
  {
    "name": "project",
    "version": "0.1.0",
    "private": true,
    "dependencies": {
      "@apollo/client": "^3.5.5",
      "@auth0/auth0-react": "^1.8.0",
      "@craco/craco": "^6.4.2",
      "@emotion/react": "^11.7.0",
      "@emotion/styled": "^11.6.0",
      "@mui/material": "^5.2.1",
      "@mui/styled-engine-sc": "^5.1.0",
      "@testing-library/jest-dom": "^5.11.4",
      "@testing-library/react": "^11.1.0",
      "@testing-library/user-event": "^12.1.10",
      "bootstrap": "^5.1.3",
  <<<<<<< HEAD
      "graphql": "^16.0.1",
  =======
  >>>>>>> a110bf22856cad57fd8ab92b4e4ff728eb37ddc5
      "react": "^17.0.2",
      "react-dom": "^17.0.2",
      "react-loading": "^2.0.3",
      "react-router-dom": "6",
      "react-scripts": "4.0.3",
  <<<<<<< HEAD
      "react-toastify": "^8.1.0",
  =======
      "reactstrap": "^9.0.1",
  >>>>>>> a110bf22856cad57fd8ab92b4e4ff728eb37ddc5
      "styled-components": "^5.3.3",
      "web-vitals": "^1.0.1"
    },
    "scripts": {
      "start": "craco start",
      "build": "craco build",
      "test": "craco test",
      "eject": "react-scripts eject"
    },
    "eslintConfig": {
      "extends": [
        "react-app",
        "react-app/jest"
      ]
    },
    "browserslist": {
      "production": [
        ">0.2%",
        "not dead",
        "not op_mini all"
      ],
      "development": [
        "last 1 chrome version",
        "last 1 firefox version",
        "last 1 safari version"
      ]
    },
    "devDependencies": {
      "autoprefixer": "^9",
      "postcss": "^7",
      "tailwindcss": "npm:@tailwindcss/postcss7-compat"
    }
  }

yarn manifest: 
  No manifest

Lockfile: 
  No lockfile
